<?xml version="1.0" encoding="utf-8"?><testsuites name="pytest tests"><testsuite name="pytest" errors="0" failures="0" skipped="0" tests="19" time="8.713" timestamp="2026-02-21T20:12:24.731068+00:00" hostname="agent-env-3a851398-68c1-475b-9363-915deb965db7"><testcase classname="tests.test_pool_funnel.TestAuth" name="test_business_login" time="0.966" /><testcase classname="tests.test_pool_funnel.TestAuth" name="test_creator_login" time="0.784" /><testcase classname="tests.test_pool_funnel.TestBusinessPoolWorkflow" name="test_list_business_pools" time="0.409" /><testcase classname="tests.test_pool_funnel.TestBusinessPoolWorkflow" name="test_get_pool_details" time="0.402" /><testcase classname="tests.test_pool_funnel.TestBusinessPoolWorkflow" name="test_get_pool_applications" time="0.410" /><testcase classname="tests.test_pool_funnel.TestBusinessPoolWorkflow" name="test_get_pool_submissions" time="0.433" /><testcase classname="tests.test_pool_funnel.TestBusinessPoolWorkflow" name="test_get_pool_payouts" time="0.424" /><testcase classname="tests.test_pool_funnel.TestCreatorPoolWorkflow" name="test_list_active_pools" time="0.405" /><testcase classname="tests.test_pool_funnel.TestCreatorPoolWorkflow" name="test_get_pool_details_as_creator" time="0.406" /><testcase classname="tests.test_pool_funnel.TestCreatorPoolWorkflow" name="test_get_pool_leaderboard" time="0.370" /><testcase classname="tests.test_pool_funnel.TestCreatorPoolWorkflow" name="test_get_my_participations" time="0.419" /><testcase classname="tests.test_pool_funnel.TestCreatorPoolWorkflow" name="test_get_my_applications" time="0.409" /><testcase classname="tests.test_pool_funnel.TestCreatorPoolWorkflow" name="test_get_my_submissions" time="0.403" /><testcase classname="tests.test_pool_funnel.TestPoolApprovalWorkflow" name="test_verify_test_pool_exists" time="0.394" /><testcase classname="tests.test_pool_funnel.TestPoolApprovalWorkflow" name="test_pool_with_approval_shows_badge" time="0.403" /><testcase classname="tests.test_pool_funnel.TestPoolContentSubmission" name="test_submit_content_requires_participation" time="0.447" /><testcase classname="tests.test_pool_funnel.TestErrorHandling" name="test_get_nonexistent_pool" time="0.399" /><testcase classname="tests.test_pool_funnel.TestErrorHandling" name="test_creator_cannot_create_pool" time="0.388" /><testcase classname="tests.test_pool_funnel.TestErrorHandling" name="test_business_cannot_join_pool" time="0.385" /></testsuite></testsuites>