<?xml version="1.0" encoding="utf-8"?><testsuites name="pytest tests"><testsuite name="pytest" errors="0" failures="0" skipped="0" tests="11" time="8.524" timestamp="2026-02-21T20:35:22.500305+00:00" hostname="agent-env-3a851398-68c1-475b-9363-915deb965db7"><testcase classname="tests.test_favorites_collab.TestFavoritesAPI" name="test_01_login_business" time="1.439" /><testcase classname="tests.test_favorites_collab.TestFavoritesAPI" name="test_02_get_favorites_list" time="0.429" /><testcase classname="tests.test_favorites_collab.TestFavoritesAPI" name="test_03_check_favorite_status" time="0.395" /><testcase classname="tests.test_favorites_collab.TestFavoritesAPI" name="test_04_add_to_favorites" time="1.203" /><testcase classname="tests.test_favorites_collab.TestFavoritesAPI" name="test_05_remove_from_favorites" time="1.181" /><testcase classname="tests.test_favorites_collab.TestFavoritesAPI" name="test_06_re_add_favorite_for_page_test" time="0.405" /><testcase classname="tests.test_favorites_collab.TestCollaborationRequestsAPI" name="test_01_collaboration_request_requires_budget" time="1.044" /><testcase classname="tests.test_favorites_collab.TestCollaborationRequestsAPI" name="test_02_collaboration_request_with_budget" time="0.379" /><testcase classname="tests.test_favorites_collab.TestCreatorProfilePortfolioPhotos" name="test_01_get_creator_with_portfolio_photos" time="0.446" /><testcase classname="tests.test_favorites_collab.TestCreatorProfilePortfolioPhotos" name="test_02_get_creator_with_details" time="0.442" /><testcase classname="tests.test_favorites_collab.TestMyFavoritesPage" name="test_favorites_include_creator_details" time="1.097" /></testsuite></testsuites>