<?xml version="1.0" encoding="utf-8"?><testsuites name="pytest tests"><testsuite name="pytest" errors="0" failures="2" skipped="0" tests="19" time="8.834" timestamp="2026-02-21T20:10:55.071650+00:00" hostname="agent-env-3a851398-68c1-475b-9363-915deb965db7"><testcase classname="tests.test_pool_funnel.TestAuth" name="test_business_login" time="1.027" /><testcase classname="tests.test_pool_funnel.TestAuth" name="test_creator_login" time="0.685" /><testcase classname="tests.test_pool_funnel.TestBusinessPoolWorkflow" name="test_list_business_pools" time="0.519" /><testcase classname="tests.test_pool_funnel.TestBusinessPoolWorkflow" name="test_get_pool_details" time="0.390" /><testcase classname="tests.test_pool_funnel.TestBusinessPoolWorkflow" name="test_get_pool_applications" time="0.397" /><testcase classname="tests.test_pool_funnel.TestBusinessPoolWorkflow" name="test_get_pool_submissions" time="0.401" /><testcase classname="tests.test_pool_funnel.TestBusinessPoolWorkflow" name="test_get_pool_payouts" time="0.419" /><testcase classname="tests.test_pool_funnel.TestCreatorPoolWorkflow" name="test_list_active_pools" time="0.404" /><testcase classname="tests.test_pool_funnel.TestCreatorPoolWorkflow" name="test_get_pool_details_as_creator" time="0.424" /><testcase classname="tests.test_pool_funnel.TestCreatorPoolWorkflow" name="test_get_pool_leaderboard" time="0.370" /><testcase classname="tests.test_pool_funnel.TestCreatorPoolWorkflow" name="test_get_my_participations" time="0.450" /><testcase classname="tests.test_pool_funnel.TestCreatorPoolWorkflow" name="test_get_my_applications" time="0.406"><failure message="AssertionError: Failed to get applications: {&quot;detail&quot;:&quot;Pool not found&quot;}&#10;assert 404 == 200&#10; +  where 404 = &lt;Response [404]&gt;.status_code">tests/test_pool_funnel.py:226: in test_get_my_applications
    assert response.status_code == 200, f"Failed to get applications: {response.text}"
E   AssertionError: Failed to get applications: {"detail":"Pool not found"}
E   assert 404 == 200
E    +  where 404 = &lt;Response [404]&gt;.status_code</failure></testcase><testcase classname="tests.test_pool_funnel.TestCreatorPoolWorkflow" name="test_get_my_submissions" time="0.394"><failure message="AssertionError: Failed to get submissions: {&quot;detail&quot;:&quot;Pool not found&quot;}&#10;assert 404 == 200&#10; +  where 404 = &lt;Response [404]&gt;.status_code">tests/test_pool_funnel.py:236: in test_get_my_submissions
    assert response.status_code == 200, f"Failed to get submissions: {response.text}"
E   AssertionError: Failed to get submissions: {"detail":"Pool not found"}
E   assert 404 == 200
E    +  where 404 = &lt;Response [404]&gt;.status_code</failure></testcase><testcase classname="tests.test_pool_funnel.TestPoolApprovalWorkflow" name="test_verify_test_pool_exists" time="0.404" /><testcase classname="tests.test_pool_funnel.TestPoolApprovalWorkflow" name="test_pool_with_approval_shows_badge" time="0.414" /><testcase classname="tests.test_pool_funnel.TestPoolContentSubmission" name="test_submit_content_requires_participation" time="0.452" /><testcase classname="tests.test_pool_funnel.TestErrorHandling" name="test_get_nonexistent_pool" time="0.392" /><testcase classname="tests.test_pool_funnel.TestErrorHandling" name="test_creator_cannot_create_pool" time="0.405" /><testcase classname="tests.test_pool_funnel.TestErrorHandling" name="test_business_cannot_join_pool" time="0.377" /></testsuite></testsuites>