<?xml version="1.0" encoding="utf-8"?><testsuites name="pytest tests"><testsuite name="pytest" errors="0" failures="2" skipped="1" tests="13" time="38.732" timestamp="2026-01-27T17:19:01.107774+00:00" hostname="agent-env-533d4be2-733f-43fa-a65c-349d46fe3cd4"><testcase classname="backend.tests.test_project_features.TestProjectBannerUpload" name="test_upload_project_banner_success" time="2.022"><failure message="AssertionError: Upload failed: {&quot;detail&quot;:[{&quot;type&quot;:&quot;missing&quot;,&quot;loc&quot;:[&quot;body&quot;,&quot;file&quot;],&quot;msg&quot;:&quot;Field required&quot;,&quot;input&quot;:null,&quot;url&quot;:&quot;https://errors.pydantic.dev/2.12/v/missing&quot;}]}&#10;assert 422 == 200&#10; +  where 422 = &lt;Response [422]&gt;.status_code">backend/tests/test_project_features.py:63: in test_upload_project_banner_success
    assert response.status_code == 200, f"Upload failed: {response.text}"
E   AssertionError: Upload failed: {"detail":[{"type":"missing","loc":["body","file"],"msg":"Field required","input":null,"url":"https://errors.pydantic.dev/2.12/v/missing"}]}
E   assert 422 == 200
E    +  where 422 = &lt;Response [422]&gt;.status_code</failure></testcase><testcase classname="backend.tests.test_project_features.TestProjectBannerUpload" name="test_upload_project_banner_invalid_type" time="2.283"><failure message="AssertionError: Should reject invalid file type: {&quot;detail&quot;:[{&quot;type&quot;:&quot;missing&quot;,&quot;loc&quot;:[&quot;body&quot;,&quot;file&quot;],&quot;msg&quot;:&quot;Field required&quot;,&quot;input&quot;:null,&quot;url&quot;:&quot;https://errors.pydantic.dev/2.12/v/missing&quot;}]}&#10;assert 422 == 400&#10; +  where 422 = &lt;Response [422]&gt;.status_code">backend/tests/test_project_features.py:83: in test_upload_project_banner_invalid_type
    assert response.status_code == 400, f"Should reject invalid file type: {response.text}"
E   AssertionError: Should reject invalid file type: {"detail":[{"type":"missing","loc":["body","file"],"msg":"Field required","input":null,"url":"https://errors.pydantic.dev/2.12/v/missing"}]}
E   assert 422 == 400
E    +  where 422 = &lt;Response [422]&gt;.status_code</failure></testcase><testcase classname="backend.tests.test_project_features.TestProjectBannerUpload" name="test_upload_project_banner_unauthenticated" time="1.702" /><testcase classname="backend.tests.test_project_features.TestProjectBannerRetrieval" name="test_retrieve_project_banner_success" time="1.323"><skipped type="pytest.skip" message="Banner upload failed, skipping retrieval test">/app/backend/tests/test_project_features.py:138: Banner upload failed, skipping retrieval test</skipped></testcase><testcase classname="backend.tests.test_project_features.TestProjectBannerRetrieval" name="test_retrieve_nonexistent_banner" time="2.306" /><testcase classname="backend.tests.test_project_features.TestProjectCreation" name="test_create_project_success" time="2.897" /><testcase classname="backend.tests.test_project_features.TestProjectCreation" name="test_create_project_without_banner" time="2.413" /><testcase classname="backend.tests.test_project_features.TestProjectCreation" name="test_create_project_without_pack" time="3.260" /><testcase classname="backend.tests.test_project_features.TestProjectListing" name="test_get_projects_enriched" time="3.251" /><testcase classname="backend.tests.test_project_features.TestProjectListing" name="test_get_business_projects" time="3.329" /><testcase classname="backend.tests.test_project_features.TestProjectListing" name="test_get_business_projects_as_creator" time="5.202" /><testcase classname="backend.tests.test_project_features.TestProjectApplication" name="test_creator_apply_to_project" time="3.925" /><testcase classname="backend.tests.test_project_features.TestProjectApplication" name="test_creator_cannot_apply_twice" time="4.660" /></testsuite></testsuites>