<?xml version="1.0" encoding="utf-8"?><testsuites name="pytest tests"><testsuite name="pytest" errors="0" failures="0" skipped="1" tests="19" time="11.784" timestamp="2026-02-04T16:53:26.949646+00:00" hostname="agent-env-7e989155-9bc0-444b-9c85-01e0d6f628dc"><testcase classname="backend.tests.test_reviews_system.TestReviewsPublicEndpoints" name="test_get_user_reviews_empty" time="0.657" /><testcase classname="backend.tests.test_reviews_system.TestReviewsPublicEndpoints" name="test_validate_external_token_invalid" time="0.479" /><testcase classname="backend.tests.test_reviews_system.TestReviewsPublicEndpoints" name="test_submit_external_review_invalid_token" time="0.498" /><testcase classname="backend.tests.test_reviews_system.TestReviewsAuthentication" name="test_get_pending_reviews_unauthenticated" time="0.470" /><testcase classname="backend.tests.test_reviews_system.TestReviewsAuthentication" name="test_create_review_unauthenticated" time="0.476" /><testcase classname="backend.tests.test_reviews_system.TestReviewsAuthentication" name="test_create_invite_unauthenticated" time="0.474" /><testcase classname="backend.tests.test_reviews_system.TestReviewsAuthentication" name="test_get_invitations_unauthenticated" time="0.364" /><testcase classname="backend.tests.test_reviews_system.TestReviewsAuthenticatedBusiness" name="test_get_pending_reviews_business" time="1.095" /><testcase classname="backend.tests.test_reviews_system.TestReviewsAuthenticatedBusiness" name="test_create_review_no_mission" time="0.000"><skipped type="pytest.skip" message="BUG: Route conflict - old /api/reviews endpoint in server.py conflicts with new one in reviews.py">/app/backend/tests/test_reviews_system.py:165: BUG: Route conflict - old /api/reviews endpoint in server.py conflicts with new one in reviews.py</skipped></testcase><testcase classname="backend.tests.test_reviews_system.TestReviewsAuthenticatedBusiness" name="test_create_invite_business_forbidden" time="1.519" /><testcase classname="backend.tests.test_reviews_system.TestReviewsAuthenticatedBusiness" name="test_get_invitations_business_forbidden" time="1.089" /><testcase classname="backend.tests.test_reviews_system.TestReviewsValidation" name="test_external_review_short_comment" time="0.469" /><testcase classname="backend.tests.test_reviews_system.TestReviewsValidation" name="test_external_review_invalid_rating" time="0.361" /><testcase classname="backend.tests.test_reviews_system.TestReviewsValidation" name="test_external_review_missing_fields" time="0.365" /><testcase classname="backend.tests.test_reviews_system.TestReviewsStatsCalculation" name="test_stats_structure" time="0.389" /><testcase classname="backend.tests.test_reviews_system.TestReviewsStatsCalculation" name="test_distribution_structure" time="0.713" /><testcase classname="backend.tests.test_reviews_system.TestReviewsStatsCalculation" name="test_badges_structure" time="0.499" /><testcase classname="backend.tests.test_reviews_system.TestCreatorPublicProfile" name="test_creator_public_profile_not_found" time="0.485" /><testcase classname="backend.tests.test_reviews_system.TestReviewsIntegration" name="test_full_review_flow_business" time="1.300" /></testsuite></testsuites>