<?xml version="1.0" encoding="utf-8"?><testsuites name="pytest tests"><testsuite name="pytest" errors="0" failures="1" skipped="0" tests="19" time="13.856" timestamp="2026-02-04T16:48:39.238029+00:00" hostname="agent-env-7e989155-9bc0-444b-9c85-01e0d6f628dc"><testcase classname="backend.tests.test_reviews_system.TestReviewsPublicEndpoints" name="test_get_user_reviews_empty" time="0.514" /><testcase classname="backend.tests.test_reviews_system.TestReviewsPublicEndpoints" name="test_validate_external_token_invalid" time="0.477" /><testcase classname="backend.tests.test_reviews_system.TestReviewsPublicEndpoints" name="test_submit_external_review_invalid_token" time="0.808" /><testcase classname="backend.tests.test_reviews_system.TestReviewsAuthentication" name="test_get_pending_reviews_unauthenticated" time="0.789" /><testcase classname="backend.tests.test_reviews_system.TestReviewsAuthentication" name="test_create_review_unauthenticated" time="0.447" /><testcase classname="backend.tests.test_reviews_system.TestReviewsAuthentication" name="test_create_invite_unauthenticated" time="0.457" /><testcase classname="backend.tests.test_reviews_system.TestReviewsAuthentication" name="test_get_invitations_unauthenticated" time="0.448" /><testcase classname="backend.tests.test_reviews_system.TestReviewsAuthenticatedBusiness" name="test_get_pending_reviews_business" time="0.931" /><testcase classname="backend.tests.test_reviews_system.TestReviewsAuthenticatedBusiness" name="test_create_review_no_mission" time="0.941"><failure message="assert 520 == 404&#10; +  where 520 = &lt;Response [520]&gt;.status_code">backend/tests/test_reviews_system.py:177: in test_create_review_no_mission
    assert response.status_code == 404
E   assert 520 == 404
E    +  where 520 = &lt;Response [520]&gt;.status_code</failure></testcase><testcase classname="backend.tests.test_reviews_system.TestReviewsAuthenticatedBusiness" name="test_create_invite_business_forbidden" time="1.509" /><testcase classname="backend.tests.test_reviews_system.TestReviewsAuthenticatedBusiness" name="test_get_invitations_business_forbidden" time="1.054" /><testcase classname="backend.tests.test_reviews_system.TestReviewsValidation" name="test_external_review_short_comment" time="0.764" /><testcase classname="backend.tests.test_reviews_system.TestReviewsValidation" name="test_external_review_invalid_rating" time="0.775" /><testcase classname="backend.tests.test_reviews_system.TestReviewsValidation" name="test_external_review_missing_fields" time="0.348" /><testcase classname="backend.tests.test_reviews_system.TestReviewsStatsCalculation" name="test_stats_structure" time="0.801" /><testcase classname="backend.tests.test_reviews_system.TestReviewsStatsCalculation" name="test_distribution_structure" time="0.514" /><testcase classname="backend.tests.test_reviews_system.TestReviewsStatsCalculation" name="test_badges_structure" time="0.705" /><testcase classname="backend.tests.test_reviews_system.TestCreatorPublicProfile" name="test_creator_public_profile_not_found" time="0.458" /><testcase classname="backend.tests.test_reviews_system.TestReviewsIntegration" name="test_full_review_flow_business" time="1.036" /></testsuite></testsuites>