<?xml version="1.0" encoding="utf-8"?><testsuites name="pytest tests"><testsuite name="pytest" errors="0" failures="0" skipped="0" tests="19" time="13.915" timestamp="2026-02-05T12:49:52.019666+00:00" hostname="agent-env-3cae413b-b567-46c5-909b-ee4d0ef0a7e3"><testcase classname="tests.test_articles_api.TestArticlesPublicEndpoints" name="test_get_articles_list" time="0.665" /><testcase classname="tests.test_articles_api.TestArticlesPublicEndpoints" name="test_get_articles_filter_by_category" time="0.494" /><testcase classname="tests.test_articles_api.TestArticlesPublicEndpoints" name="test_get_articles_search" time="0.504" /><testcase classname="tests.test_articles_api.TestArticlesPublicEndpoints" name="test_get_articles_empty_category" time="0.383" /><testcase classname="tests.test_articles_api.TestArticlesPublicEndpoints" name="test_get_single_article" time="1.004" /><testcase classname="tests.test_articles_api.TestArticlesPublicEndpoints" name="test_get_nonexistent_article" time="0.479" /><testcase classname="tests.test_articles_api.TestArticlesAuthenticatedEndpoints" name="test_get_user_progress_authenticated" time="1.307" /><testcase classname="tests.test_articles_api.TestArticlesAuthenticatedEndpoints" name="test_get_user_progress_unauthenticated" time="0.363" /><testcase classname="tests.test_articles_api.TestArticlesAuthenticatedEndpoints" name="test_complete_article" time="0.761" /><testcase classname="tests.test_articles_api.TestArticlesAuthenticatedEndpoints" name="test_complete_article_unauthenticated" time="0.493" /><testcase classname="tests.test_articles_api.TestArticlesAuthenticatedEndpoints" name="test_complete_nonexistent_article" time="0.364" /><testcase classname="tests.test_articles_api.TestArticlesAdminEndpoints" name="test_create_article_admin" time="1.789" /><testcase classname="tests.test_articles_api.TestArticlesAdminEndpoints" name="test_update_article_admin" time="0.856" /><testcase classname="tests.test_articles_api.TestArticlesAdminEndpoints" name="test_delete_article_admin" time="0.720" /><testcase classname="tests.test_articles_api.TestArticlesAdminEndpoints" name="test_create_article_unauthenticated" time="0.803" /><testcase classname="tests.test_articles_api.TestArticlesAdminEndpoints" name="test_update_nonexistent_article" time="0.370" /><testcase classname="tests.test_articles_api.TestArticlesAdminEndpoints" name="test_delete_nonexistent_article" time="0.372" /><testcase classname="tests.test_articles_api.TestArticlesCategoriesAndStats" name="test_categories_returned_with_counts" time="0.409" /><testcase classname="tests.test_articles_api.TestArticlesCategoriesAndStats" name="test_view_count_increments" time="1.698" /></testsuite></testsuites>