<?xml version="1.0" encoding="utf-8"?><testsuites name="pytest tests"><testsuite name="pytest" errors="0" failures="0" skipped="0" tests="13" time="2.770" timestamp="2026-02-21T16:42:03.416203+00:00" hostname="agent-env-7b5a03b7-a505-4c2c-8751-f10b0c24072d"><testcase classname="backend.tests.test_creator_profile_v2.TestCreatorProfileEndpoint" name="test_get_creator_profile_success" time="0.132" /><testcase classname="backend.tests.test_creator_profile_v2.TestCreatorProfileEndpoint" name="test_get_creator_profile_not_found" time="0.092" /><testcase classname="backend.tests.test_creator_profile_v2.TestCreatorReviewsEndpoint" name="test_get_creator_reviews_success" time="0.088" /><testcase classname="backend.tests.test_creator_profile_v2.TestCreatorReviewsEndpoint" name="test_get_reviews_for_nonexistent_creator" time="0.099" /><testcase classname="backend.tests.test_creator_profile_v2.TestCollaborationRequestsEndpoint" name="test_collaboration_request_requires_auth" time="0.083" /><testcase classname="backend.tests.test_creator_profile_v2.TestCollaborationRequestsEndpoint" name="test_collaboration_request_requires_business_user" time="0.380" /><testcase classname="backend.tests.test_creator_profile_v2.TestCollaborationRequestsEndpoint" name="test_collaboration_request_requires_subscription" time="0.446" /><testcase classname="backend.tests.test_creator_profile_v2.TestBusinessLogin" name="test_business_login_success" time="0.320" /><testcase classname="backend.tests.test_creator_profile_v2.TestCreatorLogin" name="test_creator_login_success" time="0.321" /><testcase classname="backend.tests.test_creator_profile_v2.TestCreatorProfileV2DataStructure" name="test_profile_has_portfolio_videos" time="0.107" /><testcase classname="backend.tests.test_creator_profile_v2.TestCreatorProfileV2DataStructure" name="test_profile_has_pricing_info" time="0.134" /><testcase classname="backend.tests.test_creator_profile_v2.TestCreatorProfileV2DataStructure" name="test_profile_has_stats_for_badge" time="0.394" /><testcase classname="backend.tests.test_creator_profile_v2.TestCreatorProfileV2DataStructure" name="test_profile_has_availability_info" time="0.107" /></testsuite></testsuites>