<?xml version="1.0" encoding="utf-8"?><testsuites name="pytest tests"><testsuite name="pytest" errors="0" failures="0" skipped="0" tests="13" time="42.095" timestamp="2026-01-27T17:22:07.199814+00:00" hostname="agent-env-533d4be2-733f-43fa-a65c-349d46fe3cd4"><testcase classname="backend.tests.test_project_features.TestProjectBannerUpload" name="test_upload_project_banner_success" time="2.779" /><testcase classname="backend.tests.test_project_features.TestProjectBannerUpload" name="test_upload_project_banner_invalid_type" time="2.298" /><testcase classname="backend.tests.test_project_features.TestProjectBannerUpload" name="test_upload_project_banner_unauthenticated" time="2.221" /><testcase classname="backend.tests.test_project_features.TestProjectBannerRetrieval" name="test_retrieve_project_banner_success" time="2.123" /><testcase classname="backend.tests.test_project_features.TestProjectBannerRetrieval" name="test_retrieve_nonexistent_banner" time="2.653" /><testcase classname="backend.tests.test_project_features.TestProjectCreation" name="test_create_project_success" time="2.725" /><testcase classname="backend.tests.test_project_features.TestProjectCreation" name="test_create_project_without_banner" time="3.069" /><testcase classname="backend.tests.test_project_features.TestProjectCreation" name="test_create_project_without_pack" time="4.342" /><testcase classname="backend.tests.test_project_features.TestProjectListing" name="test_get_projects_enriched" time="3.272" /><testcase classname="backend.tests.test_project_features.TestProjectListing" name="test_get_business_projects" time="3.848" /><testcase classname="backend.tests.test_project_features.TestProjectListing" name="test_get_business_projects_as_creator" time="4.261" /><testcase classname="backend.tests.test_project_features.TestProjectApplication" name="test_creator_apply_to_project" time="4.267" /><testcase classname="backend.tests.test_project_features.TestProjectApplication" name="test_creator_cannot_apply_twice" time="4.171" /></testsuite></testsuites>